#
# There is insufficient memory for the Java Runtime Environment to continue.
# Native memory allocation (mmap) failed to map 118489088 bytes for committing reserved memory.
# Possible reasons:
#   The system is out of physical RAM or swap space
#   In 32 bit mode, the process size limit was hit
# Possible solutions:
#   Reduce memory load on the system
#   Increase physical memory or swap space
#   Check if swap backing store is full
#   Use 64 bit Java on a 64 bit OS
#   Decrease Java heap size (-Xmx/-Xms)
#   Decrease number of Java threads
#   Decrease Java thread stack sizes (-Xss)
#   Set larger code cache with -XX:ReservedCodeCacheSize=
# This output file may be truncated or incomplete.
#
#  Out of Memory Error (os_linux.cpp:2627), pid=11309, tid=139696416966400
#
# JRE version: Java(TM) SE Runtime Environment (8.0_65-b17) (build 1.8.0_65-b17)
# Java VM: Java HotSpot(TM) 64-Bit Server VM (25.65-b01 mixed mode linux-amd64 compressed oops)
# Failed to write core dump. Core dumps have been disabled. To enable core dumping, try "ulimit -c unlimited" before starting Java again
#

---------------  T H R E A D  ---------------

Current thread (0x00007f0db0079800):  VMThread [stack: 0x00007f0d9b3f4000,0x00007f0d9b4f5000] [id=11319]

Stack: [0x00007f0d9b3f4000,0x00007f0d9b4f5000],  sp=0x00007f0d9b4f3260,  free space=1020k
Native frames: (J=compiled Java code, j=interpreted, Vv=VM code, C=native code)
V  [libjvm.so+0xab97ea]  VMError::report_and_die()+0x2ba
V  [libjvm.so+0x4f9dcb]  report_vm_out_of_memory(char const*, int, unsigned long, VMErrorType, char const*)+0x8b
V  [libjvm.so+0x91a7c3]  os::Linux::commit_memory_impl(char*, unsigned long, bool)+0x103
V  [libjvm.so+0x91ad19]  os::pd_commit_memory(char*, unsigned long, unsigned long, bool)+0x29
V  [libjvm.so+0x91502a]  os::commit_memory(char*, unsigned long, unsigned long, bool)+0x2a
V  [libjvm.so+0x9886d3]  PSVirtualSpace::expand_by(unsigned long)+0x53
V  [libjvm.so+0x989ad8]  PSYoungGen::resize_generation(unsigned long, unsigned long)+0xf8
V  [libjvm.so+0x988c32]  PSYoungGen::resize(unsigned long, unsigned long)+0x22
V  [libjvm.so+0x985f0b]  PSScavenge::invoke_no_policy()+0xf3b
V  [libjvm.so+0x986691]  PSScavenge::invoke()+0x41
V  [libjvm.so+0x93e430]  ParallelScavengeHeap::failed_mem_allocate(unsigned long)+0x70
V  [libjvm.so+0xabb207]  VM_ParallelGCFailedAllocation::doit()+0x97
V  [libjvm.so+0xac2c35]  VM_Operation::evaluate()+0x55
V  [libjvm.so+0xac100a]  VMThread::evaluate_operation(VM_Operation*)+0xba
V  [libjvm.so+0xac138e]  VMThread::loop()+0x1ce
V  [libjvm.so+0xac1800]  VMThread::run()+0x70
V  [libjvm.so+0x91cb88]  java_start(Thread*)+0x108

VM_Operation (0x00007f0db9bb21a0): ParallelGCFailedAllocation, mode: safepoint, requested by thread 0x00007f0db000b800


---------------  P R O C E S S  ---------------

Java Threads: ( => current thread )
  0x00007f0db00c9800 JavaThread "Service Thread" daemon [_thread_blocked, id=11326, stack(0x00007f0d9a60b000,0x00007f0d9a70c000)]
  0x00007f0db00bc000 JavaThread "C1 CompilerThread2" daemon [_thread_blocked, id=11325, stack(0x00007f0d9a70c000,0x00007f0d9a80d000)]
  0x00007f0db00ba800 JavaThread "C2 CompilerThread1" daemon [_thread_blocked, id=11324, stack(0x00007f0d9a80d000,0x00007f0d9a90e000)]
  0x00007f0db00b7800 JavaThread "C2 CompilerThread0" daemon [_thread_blocked, id=11323, stack(0x00007f0d9a90e000,0x00007f0d9aa0f000)]
  0x00007f0db00b6000 JavaThread "Signal Dispatcher" daemon [_thread_blocked, id=11322, stack(0x00007f0d9aa0f000,0x00007f0d9ab10000)]
  0x00007f0db0080800 JavaThread "Finalizer" daemon [_thread_blocked, id=11321, stack(0x00007f0d9b1f2000,0x00007f0d9b2f3000)]
  0x00007f0db007e800 JavaThread "Reference Handler" daemon [_thread_blocked, id=11320, stack(0x00007f0d9b2f3000,0x00007f0d9b3f4000)]
  0x00007f0db000b800 JavaThread "main" [_thread_blocked, id=11314, stack(0x00007f0db9ab3000,0x00007f0db9bb4000)]

Other Threads:
=>0x00007f0db0079800 VMThread [stack: 0x00007f0d9b3f4000,0x00007f0d9b4f5000] [id=11319]
  0x00007f0db00cc000 WatcherThread [stack: 0x00007f0d9a50a000,0x00007f0d9a60b000] [id=11327]

VM state:at safepoint (normal execution)

VM Mutex/Monitor currently owned by a thread:  ([mutex/lock_event])
[0x00007f0db0007900] Threads_lock - owner thread: 0x00007f0db0079800
[0x00007f0db0007e00] Heap_lock - owner thread: 0x00007f0db000b800

Heap:
 PSYoungGen      total 99840K, used 3571K [0x00000000eab00000, 0x00000000f1000000, 0x0000000100000000)
  eden space 96256K, 0% used [0x00000000eab00000,0x00000000eab00000,0x00000000f0900000)
  from space 3584K, 99% used [0x00000000f0900000,0x00000000f0c7ccf0,0x00000000f0c80000)
  to   space 3584K, 0% used [0x00000000f0c80000,0x00000000f0c80000,0x00000000f1000000)
 ParOldGen       total 62976K, used 25242K [0x00000000c0000000, 0x00000000c3d80000, 0x00000000eab00000)
  object space 62976K, 40% used [0x00000000c0000000,0x00000000c18a6978,0x00000000c3d80000)
 Metaspace       used 7871K, capacity 8152K, committed 8320K, reserved 1056768K
  class space    used 751K, capacity 784K, committed 896K, reserved 1048576K

Card table byte_map: [0x00007f0db667e000,0x00007f0db687f000] byte_map_base: 0x00007f0db607e000

Marking Bits: (ParMarkBitMap*) 0x00007f0db8f8dde0
 Begin Bits: [0x00007f0db4124000, 0x00007f0db5124000)
 End Bits:   [0x00007f0db5124000, 0x00007f0db6124000)

Polling page: 0x00007f0db9bd5000

CodeCache: size=245760Kb used=9773Kb max_used=9786Kb free=235986Kb
 bounds [0x00007f0da1000000, 0x00007f0da19a0000, 0x00007f0db0000000]
 total_blobs=3134 nmethods=2839 adapters=208
 compilation: enabled

Compilation events (10 events):
Event: 3.346 Thread 0x00007f0db00b7800 nmethod 2859 0x00007f0da198fd50 code [0x00007f0da1990000, 0x00007f0da1991cc8]
Event: 3.346 Thread 0x00007f0db00b7800 2872       4       com.android.dx.merge.DexMerger$IdMerger::mergeSorted (381 bytes)
Event: 3.349 Thread 0x00007f0db00bc000 2885       2       java.util.ComparableTimSort::mergeHi (729 bytes)
Event: 3.352 Thread 0x00007f0db00bc000 nmethod 2885 0x00007f0da198d4d0 code [0x00007f0da198d780, 0x00007f0da198ef18]
Event: 3.353 Thread 0x00007f0db00bc000 2886       2       com.android.dex.EncodedValueReader::readLong (23 bytes)
Event: 3.353 Thread 0x00007f0db00bc000 nmethod 2886 0x00007f0da198d110 code [0x00007f0da198d280, 0x00007f0da198d438]
Event: 3.355 Thread 0x00007f0db00bc000 2887       2       java.util.TimSort::mergeCollapse (101 bytes)
Event: 3.356 Thread 0x00007f0db00bc000 nmethod 2887 0x00007f0da198ca90 code [0x00007f0da198cc20, 0x00007f0da198cef8]
Event: 3.362 Thread 0x00007f0db00b7800 nmethod 2872 0x00007f0da1995b90 code [0x00007f0da1995d80, 0x00007f0da19964d8]
Event: 3.362 Thread 0x00007f0db00b7800 2874       4       com.android.dx.merge.IndexMap$EncodedValueTransformer::transformArray (32 bytes)

GC Heap History (9 events):
Event: 0.982 GC heap before
{Heap before GC invocations=1 (full 0):
 PSYoungGen      total 27648K, used 24064K [0x00000000eab00000, 0x00000000ec980000, 0x0000000100000000)
  eden space 24064K, 100% used [0x00000000eab00000,0x00000000ec280000,0x00000000ec280000)
  from space 3584K, 0% used [0x00000000ec600000,0x00000000ec600000,0x00000000ec980000)
  to   space 3584K, 0% used [0x00000000ec280000,0x00000000ec280000,0x00000000ec600000)
 ParOldGen       total 62976K, used 0K [0x00000000c0000000, 0x00000000c3d80000, 0x00000000eab00000)
  object space 62976K, 0% used [0x00000000c0000000,0x00000000c0000000,0x00000000c3d80000)
 Metaspace       used 5333K, capacity 6832K, committed 7040K, reserved 1056768K
  class space    used 533K, capacity 616K, committed 640K, reserved 1048576K
Event: 1.002 GC heap after
Heap after GC invocations=1 (full 0):
 PSYoungGen      total 27648K, used 3574K [0x00000000eab00000, 0x00000000ee100000, 0x0000000100000000)
  eden space 24064K, 0% used [0x00000000eab00000,0x00000000eab00000,0x00000000ec280000)
  from space 3584K, 99% used [0x00000000ec280000,0x00000000ec5fdae0,0x00000000ec600000)
  to   space 3584K, 0% used [0x00000000edd80000,0x00000000edd80000,0x00000000ee100000)
 ParOldGen       total 62976K, used 2154K [0x00000000c0000000, 0x00000000c3d80000, 0x00000000eab00000)
  object space 62976K, 3% used [0x00000000c0000000,0x00000000c021a858,0x00000000c3d80000)
 Metaspace       used 5333K, capacity 6832K, committed 7040K, reserved 1056768K
  class space    used 533K, capacity 616K, committed 640K, reserved 1048576K
}
Event: 1.307 GC heap before
{Heap before GC invocations=2 (full 0):
 PSYoungGen      total 27648K, used 27638K [0x00000000eab00000, 0x00000000ee100000, 0x0000000100000000)
  eden space 24064K, 100% used [0x00000000eab00000,0x00000000ec280000,0x00000000ec280000)
  from space 3584K, 99% used [0x00000000ec280000,0x00000000ec5fdae0,0x00000000ec600000)
  to   space 3584K, 0% used [0x00000000edd80000,0x00000000edd80000,0x00000000ee100000)
 ParOldGen       total 62976K, used 2154K [0x00000000c0000000, 0x00000000c3d80000, 0x00000000eab00000)
  object space 62976K, 3% used [0x00000000c0000000,0x00000000c021a858,0x00000000c3d80000)
 Metaspace       used 5498K, capacity 6960K, committed 7040K, reserved 1056768K
  class space    used 533K, capacity 616K, committed 640K, reserved 1048576K
Event: 1.333 GC heap after
Heap after GC invocations=2 (full 0):
 PSYoungGen      total 51712K, used 3578K [0x00000000eab00000, 0x00000000ee100000, 0x0000000100000000)
  eden space 48128K, 0% used [0x00000000eab00000,0x00000000eab00000,0x00000000eda00000)
  from space 3584K, 99% used [0x00000000edd80000,0x00000000ee0febb0,0x00000000ee100000)
  to   space 3584K, 0% used [0x00000000eda00000,0x00000000eda00000,0x00000000edd80000)
 ParOldGen       total 62976K, used 5326K [0x00000000c0000000, 0x00000000c3d80000, 0x00000000eab00000)
  object space 62976K, 8% used [0x00000000c0000000,0x00000000c05338c0,0x00000000c3d80000)
 Metaspace       used 5498K, capacity 6960K, committed 7040K, reserved 1056768K
  class space    used 533K, capacity 616K, committed 640K, reserved 1048576K
}
Event: 1.803 GC heap before
{Heap before GC invocations=3 (full 0):
 PSYoungGen      total 51712K, used 51706K [0x00000000eab00000, 0x00000000ee100000, 0x0000000100000000)
  eden space 48128K, 100% used [0x00000000eab00000,0x00000000eda00000,0x00000000eda00000)
  from space 3584K, 99% used [0x00000000edd80000,0x00000000ee0febb0,0x00000000ee100000)
  to   space 3584K, 0% used [0x00000000eda00000,0x00000000eda00000,0x00000000edd80000)
 ParOldGen       total 62976K, used 5326K [0x00000000c0000000, 0x00000000c3d80000, 0x00000000eab00000)
  object space 62976K, 8% used [0x00000000c0000000,0x00000000c05338c0,0x00000000c3d80000)
 Metaspace       used 5577K, capacity 7024K, committed 7296K, reserved 1056768K
  class space    used 534K, capacity 616K, committed 640K, reserved 1048576K
Event: 1.841 GC heap after
Heap after GC invocations=3 (full 0):
 PSYoungGen      total 51712K, used 3556K [0x00000000eab00000, 0x00000000f1000000, 0x0000000100000000)
  eden space 48128K, 0% used [0x00000000eab00000,0x00000000eab00000,0x00000000eda00000)
  from space 3584K, 99% used [0x00000000eda00000,0x00000000edd79300,0x00000000edd80000)
  to   space 3584K, 0% used [0x00000000f0c80000,0x00000000f0c80000,0x00000000f1000000)
 ParOldGen       total 62976K, used 11528K [0x00000000c0000000, 0x00000000c3d80000, 0x00000000eab00000)
  object space 62976K, 18% used [0x00000000c0000000,0x00000000c0b422f8,0x00000000c3d80000)
 Metaspace       used 5577K, capacity 7024K, committed 7296K, reserved 1056768K
  class space    used 534K, capacity 616K, committed 640K, reserved 1048576K
}
Event: 2.806 GC heap before
{Heap before GC invocations=4 (full 0):
 PSYoungGen      total 51712K, used 51684K [0x00000000eab00000, 0x00000000f1000000, 0x0000000100000000)
  eden space 48128K, 100% used [0x00000000eab00000,0x00000000eda00000,0x00000000eda00000)
  from space 3584K, 99% used [0x00000000eda00000,0x00000000edd79300,0x00000000edd80000)
  to   space 3584K, 0% used [0x00000000f0c80000,0x00000000f0c80000,0x00000000f1000000)
 ParOldGen       total 62976K, used 11528K [0x00000000c0000000, 0x00000000c3d80000, 0x00000000eab00000)
  object space 62976K, 18% used [0x00000000c0000000,0x00000000c0b422f8,0x00000000c3d80000)
 Metaspace       used 7792K, capacity 8152K, committed 8320K, reserved 1056768K
  class space    used 750K, capacity 784K, committed 896K, reserved 1048576K
Event: 2.835 GC heap after
Heap after GC invocations=4 (full 0):
 PSYoungGen      total 99840K, used 3570K [0x00000000eab00000, 0x00000000f1000000, 0x0000000100000000)
  eden space 96256K, 0% used [0x00000000eab00000,0x00000000eab00000,0x00000000f0900000)
  from space 3584K, 99% used [0x00000000f0c80000,0x00000000f0ffc870,0x00000000f1000000)
  to   space 3584K, 0% used [0x00000000f0900000,0x00000000f0900000,0x00000000f0c80000)
 ParOldGen       total 62976K, used 20875K [0x00000000c0000000, 0x00000000c3d80000, 0x00000000eab00000)
  object space 62976K, 33% used [0x00000000c0000000,0x00000000c1462c40,0x00000000c3d80000)
 Metaspace       used 7792K, capacity 8152K, committed 8320K, reserved 1056768K
  class space    used 750K, capacity 784K, committed 896K, reserved 1048576K
}
Event: 3.373 GC heap before
{Heap before GC invocations=5 (full 0):
 PSYoungGen      total 99840K, used 99826K [0x00000000eab00000, 0x00000000f1000000, 0x0000000100000000)
  eden space 96256K, 100% used [0x00000000eab00000,0x00000000f0900000,0x00000000f0900000)
  from space 3584K, 99% used [0x00000000f0c80000,0x00000000f0ffc870,0x00000000f1000000)
  to   space 3584K, 0% used [0x00000000f0900000,0x00000000f0900000,0x00000000f0c80000)
 ParOldGen       total 62976K, used 20875K [0x00000000c0000000, 0x00000000c3d80000, 0x00000000eab00000)
  object space 62976K, 33% used [0x00000000c0000000,0x00000000c1462c40,0x00000000c3d80000)
 Metaspace       used 7871K, capacity 8152K, committed 8320K, reserved 1056768K
  class space    used 751K, capacity 784K, committed 896K, reserved 1048576K

Deoptimization events (10 events):
Event: 2.385 Thread 0x00007f0db000b800 Uncommon trap: reason=unstable_if action=reinterpret pc=0x00007f0da17460a0 method=com.android.dx.util.ByteArrayAnnotatedOutput.writeByte(I)V @ 13
Event: 2.430 Thread 0x00007f0db000b800 Uncommon trap: reason=unstable_if action=reinterpret pc=0x00007f0da176d78c method=com.android.dx.util.ByteArrayAnnotatedOutput.writeUleb128(I)I @ 4
Event: 2.430 Thread 0x00007f0db000b800 Uncommon trap: reason=unstable_if action=reinterpret pc=0x00007f0da175a794 method=com.android.dx.util.ByteArrayAnnotatedOutput.writeByte(I)V @ 13
Event: 2.458 Thread 0x00007f0db000b800 Uncommon trap: reason=unstable_if action=reinterpret pc=0x00007f0da13ec4e4 method=java.util.Arrays.copyOf([Ljava/lang/Object;ILjava/lang/Class;)[Ljava/lang/Object; @ 3
Event: 2.570 Thread 0x00007f0db000b800 Uncommon trap: reason=unstable_if action=reinterpret pc=0x00007f0da16609e0 method=java.util.HashMap.resize()[Ljava/util/HashMap$Node; @ 206
Event: 2.693 Thread 0x00007f0db000b800 Uncommon trap: reason=unstable_if action=reinterpret pc=0x00007f0da12ab838 method=sun.misc.MetaIndex.mayContain(Ljava/lang/String;)Z @ 13
Event: 2.696 Thread 0x00007f0db000b800 Uncommon trap: reason=class_check action=maybe_recompile pc=0x00007f0da1530f78 method=java.util.ArrayList.<init>(Ljava/util/Collection;)V @ 6
Event: 2.704 Thread 0x00007f0db000b800 Uncommon trap: reason=class_check action=maybe_recompile pc=0x00007f0da1530f78 method=java.util.ArrayList.<init>(Ljava/util/Collection;)V @ 6
Event: 2.904 Thread 0x00007f0db000b800 Uncommon trap: reason=predicate action=maybe_recompile pc=0x00007f0da18af8d4 method=com.android.dex.Leb128.readUnsignedLeb128(Lcom/android/dex/util/ByteInput;)I @ 41
Event: 3.011 Thread 0x00007f0db000b800 Uncommon trap: reason=unstable_if action=reinterpret pc=0x00007f0da164768c method=java.util.HashMap.getNode(ILjava/lang/Object;)Ljava/util/HashMap$Node; @ 84

Internal exceptions (9 events):
Event: 0.062 Thread 0x00007f0db000b800 Exception <a 'java/lang/NoSuchMethodError': Method sun.misc.Unsafe.defineClass(Ljava/lang/String;[BII)Ljava/lang/Class; name or signature does not match> (0x00000000eab12a60) thrown at [/HUDSON/workspace/8-2-build-linux-amd64/jdk8u65/4987/hotspot/src/shar
Event: 0.062 Thread 0x00007f0db000b800 Exception <a 'java/lang/NoSuchMethodError': Method sun.misc.Unsafe.prefetchRead(Ljava/lang/Object;J)V name or signature does not match> (0x00000000eab12d48) thrown at [/HUDSON/workspace/8-2-build-linux-amd64/jdk8u65/4987/hotspot/src/share/vm/prims/jni.cpp
Event: 1.101 Thread 0x00007f0db000b800 Implicit null exception at 0x00007f0da13a9b4f to 0x00007f0da13abfd1
Event: 1.102 Thread 0x00007f0db000b800 Implicit null exception at 0x00007f0da1409e09 to 0x00007f0da140c71d
Event: 1.143 Thread 0x00007f0db000b800 Implicit null exception at 0x00007f0da13c48a2 to 0x00007f0da13c499b
Event: 2.693 Thread 0x00007f0db000b800 Exception <a 'java/security/PrivilegedActionException'> (0x00000000ed21d100) thrown at [/HUDSON/workspace/8-2-build-linux-amd64/jdk8u65/4987/hotspot/src/share/vm/prims/jvm.cpp, line 1386]
Event: 2.693 Thread 0x00007f0db000b800 Exception <a 'java/security/PrivilegedActionException'> (0x00000000ed21d4f8) thrown at [/HUDSON/workspace/8-2-build-linux-amd64/jdk8u65/4987/hotspot/src/share/vm/prims/jvm.cpp, line 1386]
Event: 2.694 Thread 0x00007f0db000b800 Exception <a 'java/security/PrivilegedActionException'> (0x00000000ed220728) thrown at [/HUDSON/workspace/8-2-build-linux-amd64/jdk8u65/4987/hotspot/src/share/vm/prims/jvm.cpp, line 1386]
Event: 2.694 Thread 0x00007f0db000b800 Exception <a 'java/security/PrivilegedActionException'> (0x00000000ed220b20) thrown at [/HUDSON/workspace/8-2-build-linux-amd64/jdk8u65/4987/hotspot/src/share/vm/prims/jvm.cpp, line 1386]

Events (10 events):
Event: 3.283 Thread 0x00007f0db000b800 DEOPT UNPACKING pc=0x00007f0da1047633 sp=0x00007f0db9bb2260 mode 0
Event: 3.285 Thread 0x00007f0db000b800 DEOPT PACKING pc=0x00007f0da1944d39 sp=0x00007f0db9bb24c0
Event: 3.285 Thread 0x00007f0db000b800 DEOPT UNPACKING pc=0x00007f0da1047633 sp=0x00007f0db9bb2260 mode 0
Event: 3.336 Thread 0x00007f0db000b800 DEOPT PACKING pc=0x00007f0da1944d39 sp=0x00007f0db9bb24c0
Event: 3.336 Thread 0x00007f0db000b800 DEOPT UNPACKING pc=0x00007f0da1047633 sp=0x00007f0db9bb2260 mode 0
Event: 3.344 Thread 0x00007f0db000b800 DEOPT PACKING pc=0x00007f0da1944d39 sp=0x00007f0db9bb24c0
Event: 3.344 Thread 0x00007f0db000b800 DEOPT UNPACKING pc=0x00007f0da1047633 sp=0x00007f0db9bb2260 mode 0
Event: 3.346 Thread 0x00007f0db000b800 DEOPT PACKING pc=0x00007f0da1944d39 sp=0x00007f0db9bb24c0
Event: 3.346 Thread 0x00007f0db000b800 DEOPT UNPACKING pc=0x00007f0da1047633 sp=0x00007f0db9bb2260 mode 0
Event: 3.373 Executing VM operation: ParallelGCFailedAllocation


Dynamic libraries:
00400000-00401000 r-xp 00000000 08:01 4868259                            /home/rahul/Downloads/previous_downloads/jdk1.8.0_65/bin/java
00600000-00601000 rw-p 00000000 08:01 4868259                            /home/rahul/Downloads/previous_downloads/jdk1.8.0_65/bin/java
01838000-01859000 rw-p 00000000 00:00 0                                  [heap]
c0000000-c3d80000 rw-p 00000000 00:00 0 
c3d80000-eab00000 ---p 00000000 00:00 0 
eab00000-f1000000 rw-p 00000000 00:00 0 
f8100000-100000000 ---p 00000000 00:00 0 
100000000-1000e0000 rw-p 00000000 00:00 0 
1000e0000-140000000 ---p 00000000 00:00 0 
7f0d64000000-7f0d64021000 rw-p 00000000 00:00 0 
7f0d64021000-7f0d68000000 ---p 00000000 00:00 0 
7f0d68000000-7f0d68021000 rw-p 00000000 00:00 0 
7f0d68021000-7f0d6c000000 ---p 00000000 00:00 0 
7f0d6c000000-7f0d6cf43000 rw-p 00000000 00:00 0 
7f0d6cf43000-7f0d70000000 ---p 00000000 00:00 0 
7f0d70000000-7f0d707f4000 rw-p 00000000 00:00 0 
7f0d707f4000-7f0d74000000 ---p 00000000 00:00 0 
7f0d74000000-7f0d74021000 rw-p 00000000 00:00 0 
7f0d74021000-7f0d78000000 ---p 00000000 00:00 0 
7f0d78000000-7f0d78c01000 rw-p 00000000 00:00 0 
7f0d78c01000-7f0d7c000000 ---p 00000000 00:00 0 
7f0d7c000000-7f0d7c021000 rw-p 00000000 00:00 0 
7f0d7c021000-7f0d80000000 ---p 00000000 00:00 0 
7f0d80000000-7f0d80021000 rw-p 00000000 00:00 0 
7f0d80021000-7f0d84000000 ---p 00000000 00:00 0 
7f0d84000000-7f0d84021000 rw-p 00000000 00:00 0 
7f0d84021000-7f0d88000000 ---p 00000000 00:00 0 
7f0d88000000-7f0d8828b000 rw-p 00000000 00:00 0 
7f0d8828b000-7f0d8c000000 ---p 00000000 00:00 0 
7f0d8c000000-7f0d8c021000 rw-p 00000000 00:00 0 
7f0d8c021000-7f0d90000000 ---p 00000000 00:00 0 
7f0d94000000-7f0d94021000 rw-p 00000000 00:00 0 
7f0d94021000-7f0d98000000 ---p 00000000 00:00 0 
7f0d9a50a000-7f0d9a50b000 ---p 00000000 00:00 0 
7f0d9a50b000-7f0d9a60b000 rw-p 00000000 00:00 0                          [stack:11327]
7f0d9a60b000-7f0d9a60e000 ---p 00000000 00:00 0 
7f0d9a60e000-7f0d9a70c000 rw-p 00000000 00:00 0                          [stack:11326]
7f0d9a70c000-7f0d9a70f000 ---p 00000000 00:00 0 
7f0d9a70f000-7f0d9a80d000 rw-p 00000000 00:00 0                          [stack:11325]
7f0d9a80d000-7f0d9a810000 ---p 00000000 00:00 0 
7f0d9a810000-7f0d9a90e000 rw-p 00000000 00:00 0                          [stack:11324]
7f0d9a90e000-7f0d9a911000 ---p 00000000 00:00 0 
7f0d9a911000-7f0d9aa0f000 rw-p 00000000 00:00 0                          [stack:11323]
7f0d9aa0f000-7f0d9aa12000 ---p 00000000 00:00 0 
7f0d9aa12000-7f0d9ab10000 rw-p 00000000 00:00 0                          [stack:11322]
7f0d9ab10000-7f0d9b1f2000 r--p 00000000 08:01 1055481                    /usr/lib/locale/locale-archive
7f0d9b1f2000-7f0d9b1f5000 ---p 00000000 00:00 0 
7f0d9b1f5000-7f0d9b2f3000 rw-p 00000000 00:00 0                          [stack:11321]
7f0d9b2f3000-7f0d9b2f6000 ---p 00000000 00:00 0 
7f0d9b2f6000-7f0d9b3f4000 rw-p 00000000 00:00 0                          [stack:11320]
7f0d9b3f4000-7f0d9b3f5000 ---p 00000000 00:00 0 
7f0d9b3f5000-7f0d9c000000 rw-p 00000000 00:00 0                          [stack:11319]
7f0d9c000000-7f0d9c021000 rw-p 00000000 00:00 0 
7f0d9c021000-7f0da0000000 ---p 00000000 00:00 0 
7f0da0015000-7f0da0024000 r--s 000dd000 08:01 4327188                    /home/rahul/Android/Sdk/build-tools/21.1.2/lib/dx.jar
7f0da0024000-7f0da0428000 rw-p 00000000 00:00 0 
7f0da0428000-7f0da0600000 r--s 03d20000 08:01 4736942                    /home/rahul/Downloads/previous_downloads/jdk1.8.0_65/jre/lib/rt.jar
7f0da0600000-7f0da0d40000 rw-p 00000000 00:00 0 
7f0da0d40000-7f0da0e00000 ---p 00000000 00:00 0 
7f0da0e00000-7f0da1000000 rw-p 00000000 00:00 0 
7f0da1000000-7f0da19a0000 rwxp 00000000 00:00 0 
7f0da19a0000-7f0db0000000 ---p 00000000 00:00 0 
7f0db0000000-7f0db0398000 rw-p 00000000 00:00 0 
7f0db0398000-7f0db4000000 ---p 00000000 00:00 0 
7f0db4009000-7f0db6124000 rw-p 00000000 00:00 0 
7f0db6124000-7f0db6125000 ---p 00000000 00:00 0 
7f0db6125000-7f0db6225000 rw-p 00000000 00:00 0                          [stack:11318]
7f0db6225000-7f0db6226000 ---p 00000000 00:00 0 
7f0db6226000-7f0db6326000 rw-p 00000000 00:00 0                          [stack:11317]
7f0db6326000-7f0db6327000 ---p 00000000 00:00 0 
7f0db6327000-7f0db6427000 rw-p 00000000 00:00 0                          [stack:11316]
7f0db6427000-7f0db6428000 ---p 00000000 00:00 0 
7f0db6428000-7f0db6547000 rw-p 00000000 00:00 0                          [stack:11315]
7f0db6547000-7f0db667e000 ---p 00000000 00:00 0 
7f0db667e000-7f0db669d000 rw-p 00000000 00:00 0 
7f0db669d000-7f0db67d3000 ---p 00000000 00:00 0 
7f0db67d3000-7f0db6806000 rw-p 00000000 00:00 0 
7f0db6806000-7f0db687e000 ---p 00000000 00:00 0 
7f0db687e000-7f0db68a6000 rw-p 00000000 00:00 0 
7f0db68a6000-7f0db6c3f000 ---p 00000000 00:00 0 
7f0db6c3f000-7f0db6c59000 r-xp 00000000 08:01 4868141                    /home/rahul/Downloads/previous_downloads/jdk1.8.0_65/jre/lib/amd64/libzip.so
7f0db6c59000-7f0db6e59000 ---p 0001a000 08:01 4868141                    /home/rahul/Downloads/previous_downloads/jdk1.8.0_65/jre/lib/amd64/libzip.so
7f0db6e59000-7f0db6e5a000 rw-p 0001a000 08:01 4868141                    /home/rahul/Downloads/previous_downloads/jdk1.8.0_65/jre/lib/amd64/libzip.so
7f0db6e5a000-7f0db6e65000 r-xp 00000000 08:01 790642                     /lib/x86_64-linux-gnu/libnss_files-2.19.so
7f0db6e65000-7f0db7064000 ---p 0000b000 08:01 790642                     /lib/x86_64-linux-gnu/libnss_files-2.19.so
7f0db7064000-7f0db7065000 r--p 0000a000 08:01 790642                     /lib/x86_64-linux-gnu/libnss_files-2.19.so
7f0db7065000-7f0db7066000 rw-p 0000b000 08:01 790642                     /lib/x86_64-linux-gnu/libnss_files-2.19.so
7f0db7066000-7f0db7071000 r-xp 00000000 08:01 786530                     /lib/x86_64-linux-gnu/libnss_nis-2.19.so
7f0db7071000-7f0db7270000 ---p 0000b000 08:01 786530                     /lib/x86_64-linux-gnu/libnss_nis-2.19.so
7f0db7270000-7f0db7271000 r--p 0000a000 08:01 786530                     /lib/x86_64-linux-gnu/libnss_nis-2.19.so
7f0db7271000-7f0db7272000 rw-p 0000b000 08:01 786530                     /lib/x86_64-linux-gnu/libnss_nis-2.19.so
7f0db7272000-7f0db7289000 r-xp 00000000 08:01 786526                     /lib/x86_64-linux-gnu/libnsl-2.19.so
7f0db7289000-7f0db7488000 ---p 00017000 08:01 786526                     /lib/x86_64-linux-gnu/libnsl-2.19.so
7f0db7488000-7f0db7489000 r--p 00016000 08:01 786526                     /lib/x86_64-linux-gnu/libnsl-2.19.so
7f0db7489000-7f0db748a000 rw-p 00017000 08:01 786526                     /lib/x86_64-linux-gnu/libnsl-2.19.so
7f0db748a000-7f0db748c000 rw-p 00000000 00:00 0 
7f0db748c000-7f0db7495000 r-xp 00000000 08:01 786525                     /lib/x86_64-linux-gnu/libnss_compat-2.19.so
7f0db7495000-7f0db7694000 ---p 00009000 08:01 786525                     /lib/x86_64-linux-gnu/libnss_compat-2.19.so
7f0db7694000-7f0db7695000 r--p 00008000 08:01 786525                     /lib/x86_64-linux-gnu/libnss_compat-2.19.so
7f0db7695000-7f0db7696000 rw-p 00009000 08:01 786525                     /lib/x86_64-linux-gnu/libnss_compat-2.19.so
7f0db7696000-7f0db76c0000 r-xp 00000000 08:01 4868119                    /home/rahul/Downloads/previous_downloads/jdk1.8.0_65/jre/lib/amd64/libjava.so
7f0db76c0000-7f0db78c0000 ---p 0002a000 08:01 4868119                    /home/rahul/Downloads/previous_downloads/jdk1.8.0_65/jre/lib/amd64/libjava.so
7f0db78c0000-7f0db78c2000 rw-p 0002a000 08:01 4868119                    /home/rahul/Downloads/previous_downloads/jdk1.8.0_65/jre/lib/amd64/libjava.so
7f0db78c2000-7f0db78cf000 r-xp 00000000 08:01 4868135                    /home/rahul/Downloads/previous_downloads/jdk1.8.0_65/jre/lib/amd64/libverify.so
7f0db78cf000-7f0db7acf000 ---p 0000d000 08:01 4868135                    /home/rahul/Downloads/previous_downloads/jdk1.8.0_65/jre/lib/amd64/libverify.so
7f0db7acf000-7f0db7ad1000 rw-p 0000d000 08:01 4868135                    /home/rahul/Downloads/previous_downloads/jdk1.8.0_65/jre/lib/amd64/libverify.so
7f0db7ad1000-7f0db7ad8000 r-xp 00000000 08:01 786534                     /lib/x86_64-linux-gnu/librt-2.19.so
7f0db7ad8000-7f0db7cd7000 ---p 00007000 08:01 786534                     /lib/x86_64-linux-gnu/librt-2.19.so
7f0db7cd7000-7f0db7cd8000 r--p 00006000 08:01 786534                     /lib/x86_64-linux-gnu/librt-2.19.so
7f0db7cd8000-7f0db7cd9000 rw-p 00007000 08:01 786534                     /lib/x86_64-linux-gnu/librt-2.19.so
7f0db7cd9000-7f0db7dde000 r-xp 00000000 08:01 786462                     /lib/x86_64-linux-gnu/libm-2.19.so
7f0db7dde000-7f0db7fdd000 ---p 00105000 08:01 786462                     /lib/x86_64-linux-gnu/libm-2.19.so
7f0db7fdd000-7f0db7fde000 r--p 00104000 08:01 786462                     /lib/x86_64-linux-gnu/libm-2.19.so
7f0db7fde000-7f0db7fdf000 rw-p 00105000 08:01 786462                     /lib/x86_64-linux-gnu/libm-2.19.so
7f0db7fdf000-7f0db8c9d000 r-xp 00000000 08:01 4868157                    /home/rahul/Downloads/previous_downloads/jdk1.8.0_65/jre/lib/amd64/server/libjvm.so
7f0db8c9d000-7f0db8e9c000 ---p 00cbe000 08:01 4868157                    /home/rahul/Downloads/previous_downloads/jdk1.8.0_65/jre/lib/amd64/server/libjvm.so
7f0db8e9c000-7f0db8f74000 rw-p 00cbd000 08:01 4868157                    /home/rahul/Downloads/previous_downloads/jdk1.8.0_65/jre/lib/amd64/server/libjvm.so
7f0db8f74000-7f0db8fb9000 rw-p 00000000 00:00 0 
7f0db8fb9000-7f0db9174000 r-xp 00000000 08:01 786535                     /lib/x86_64-linux-gnu/libc-2.19.so
7f0db9174000-7f0db9373000 ---p 001bb000 08:01 786535                     /lib/x86_64-linux-gnu/libc-2.19.so
7f0db9373000-7f0db9377000 r--p 001ba000 08:01 786535                     /lib/x86_64-linux-gnu/libc-2.19.so
7f0db9377000-7f0db9379000 rw-p 001be000 08:01 786535                     /lib/x86_64-linux-gnu/libc-2.19.so
7f0db9379000-7f0db937e000 rw-p 00000000 00:00 0 
7f0db937e000-7f0db9381000 r-xp 00000000 08:01 786522                     /lib/x86_64-linux-gnu/libdl-2.19.so
7f0db9381000-7f0db9580000 ---p 00003000 08:01 786522                     /lib/x86_64-linux-gnu/libdl-2.19.so
7f0db9580000-7f0db9581000 r--p 00002000 08:01 786522                     /lib/x86_64-linux-gnu/libdl-2.19.so
7f0db9581000-7f0db9582000 rw-p 00003000 08:01 786522                     /lib/x86_64-linux-gnu/libdl-2.19.so
7f0db9582000-7f0db9597000 r-xp 00000000 08:01 4609077                    /home/rahul/Downloads/previous_downloads/jdk1.8.0_65/lib/amd64/jli/libjli.so
7f0db9597000-7f0db9797000 ---p 00015000 08:01 4609077                    /home/rahul/Downloads/previous_downloads/jdk1.8.0_65/lib/amd64/jli/libjli.so
7f0db9797000-7f0db9798000 rw-p 00015000 08:01 4609077                    /home/rahul/Downloads/previous_downloads/jdk1.8.0_65/lib/amd64/jli/libjli.so
7f0db9798000-7f0db97b1000 r-xp 00000000 08:01 786527                     /lib/x86_64-linux-gnu/libpthread-2.19.so
7f0db97b1000-7f0db99b0000 ---p 00019000 08:01 786527                     /lib/x86_64-linux-gnu/libpthread-2.19.so
7f0db99b0000-7f0db99b1000 r--p 00018000 08:01 786527                     /lib/x86_64-linux-gnu/libpthread-2.19.so
7f0db99b1000-7f0db99b2000 rw-p 00019000 08:01 786527                     /lib/x86_64-linux-gnu/libpthread-2.19.so
7f0db99b2000-7f0db99b6000 rw-p 00000000 00:00 0 
7f0db99b6000-7f0db99d9000 r-xp 00000000 08:01 786528                     /lib/x86_64-linux-gnu/ld-2.19.so
7f0db99db000-7f0db99dc000 rw-p 00000000 00:00 0 
7f0db99dc000-7f0db99e1000 r--s 00096000 08:01 4736945                    /home/rahul/Downloads/previous_downloads/jdk1.8.0_65/jre/lib/jsse.jar
7f0db99e1000-7f0db9ab3000 rw-p 00000000 00:00 0 
7f0db9ab3000-7f0db9ab6000 ---p 00000000 00:00 0 
7f0db9ab6000-7f0db9bcc000 rw-p 00000000 00:00 0                          [stack:11314]
7f0db9bcc000-7f0db9bd4000 rw-s 00000000 08:01 2630872                    /tmp/hsperfdata_rahul/11309
7f0db9bd4000-7f0db9bd5000 rw-p 00000000 00:00 0 
7f0db9bd5000-7f0db9bd6000 ---p 00000000 00:00 0 
7f0db9bd6000-7f0db9bd8000 rw-p 00000000 00:00 0 
7f0db9bd8000-7f0db9bd9000 r--p 00022000 08:01 786528                     /lib/x86_64-linux-gnu/ld-2.19.so
7f0db9bd9000-7f0db9bda000 rw-p 00023000 08:01 786528                     /lib/x86_64-linux-gnu/ld-2.19.so
7f0db9bda000-7f0db9bdb000 rw-p 00000000 00:00 0 
7ffee11c1000-7ffee11e3000 rw-p 00000000 00:00 0                          [stack]
7ffee11f3000-7ffee11f5000 r--p 00000000 00:00 0                          [vvar]
7ffee11f5000-7ffee11f7000 r-xp 00000000 00:00 0                          [vdso]
ffffffffff600000-ffffffffff601000 r-xp 00000000 00:00 0                  [vsyscall]

VM Arguments:
jvm_args: -Xmx1024M -Dfile.encoding=UTF-8 -Duser.country=IN -Duser.language=en -Duser.variant 
java_command: com.android.dx.command.Main --dex --output /home/rahul/coding/DeltaProjects/Attendance_Manager/app/build/intermediates/dex/debug /home/rahul/coding/DeltaProjects/Attendance_Manager/app/build/intermediates/classes/debug /home/rahul/coding/DeltaProjects/Attendance_Manager/app/build/intermediates/pre-dexed/debug/support-annotations-22.2.0-579071c2c616f398fd857d62006fbdcafa0efb4b.jar /home/rahul/coding/DeltaProjects/Attendance_Manager/app/build/intermediates/pre-dexed/debug/AndroidEasingFunctions-1.0.0-2324aaa41798531c3071dea4b50b3d1d53df9b07.jar /home/rahul/coding/DeltaProjects/Attendance_Manager/app/build/intermediates/pre-dexed/debug/classes-6f88f85eadb427548c5221d21f8940188fc2c921.jar /home/rahul/coding/DeltaProjects/Attendance_Manager/app/build/intermediates/pre-dexed/debug/AndroidViewAnimations-1.1.3-a56fae6fb00d9b44a8687fcc882125ce2861f8e7.jar /home/rahul/coding/DeltaProjects/Attendance_Manager/app/build/intermediates/pre-dexed/debug/bolts-applinks-1.4.0-e3b119909d8ca10576aee52d8c84d8be32e1db0b.jar /home/rahul/coding/DeltaProjects/Attendance_Manager/app/build/intermediates/pre-dexed/debug/bolts-tasks-1.4.0-7efae825dee5562d533a342e7e1ccf81a9c59b78.jar /home/rahul/coding/DeltaProjects/Attendance_Manager/app/build/intermediates/pre-dexed/debug/android-async-http-1.4.4-877a6996a0c90542626ed74dabdcb6e5962ac82d.jar /home/rahul/coding/DeltaProjects/Attendance_Manager/app/build/intermediates/pre-dexed/debug/volley-ffbcaaa6bc3037fd4969e2d7d8b44cea3001a4b8.jar /home/rahul/coding/DeltaProjects/Attendance_Manager/app/build/intermediates/pre-dexed/debug/NineOldAndroid-2.4.0-8f5ab06fc7a22920e8dd98e34f06953c20dc56c9.jar /home/rahul/coding/DeltaProjects/Attendance_Manager/app/build/intermediates/pre-dexed/debug/classes-09a4958b9972c53ab28b12bc58e8c68773339ee6.jar /home/rahul/coding/DeltaProjects/Attendance_Manager/app/build/intermediates/pre-dexed/debug/internal_impl-22.2.0-ad016d1c33ae8f2b5399851d4167c79f168162e6.jar /home/rahul/coding/DeltaProjects/Attendance_M
java_class_path (initial): /home/rahul/Android/Sdk/build-tools/21.1.2/lib/dx.jar
Launcher Type: SUN_STANDARD

Environment Variables:
JAVA_HOME=/home/rahul/Downloads/previous_downloads/jdk1.8.0_65
PATH=/home/rahul/Downloads/previous_downloads/jdk1.8.0_65/bin:/usr/local/sbin:/usr/local/bin:/usr/sbin:/usr/bin:/sbin:/bin:/usr/games:/usr/local/games:/usr/local/go/bin:/home/rahul/coding/go/bin
USERNAME=rahul
LD_LIBRARY_PATH=.:
SHELL=/bin/bash
DISPLAY=:0

Signal Handlers:
SIGSEGV: [libjvm.so+0xaba070], sa_mask[0]=11111111011111111101111111111110, sa_flags=SA_RESTART|SA_SIGINFO
SIGBUS: [libjvm.so+0xaba070], sa_mask[0]=11111111011111111101111111111110, sa_flags=SA_RESTART|SA_SIGINFO
SIGFPE: [libjvm.so+0x917630], sa_mask[0]=11111111011111111101111111111110, sa_flags=SA_RESTART|SA_SIGINFO
SIGPIPE: [libjvm.so+0x917630], sa_mask[0]=11111111011111111101111111111110, sa_flags=SA_RESTART|SA_SIGINFO
SIGXFSZ: [libjvm.so+0x917630], sa_mask[0]=11111111011111111101111111111110, sa_flags=SA_RESTART|SA_SIGINFO
SIGILL: [libjvm.so+0x917630], sa_mask[0]=11111111011111111101111111111110, sa_flags=SA_RESTART|SA_SIGINFO
SIGUSR1: SIG_DFL, sa_mask[0]=00000000000000000000000000000000, sa_flags=none
SIGUSR2: [libjvm.so+0x918c60], sa_mask[0]=00100000000000000000000000000000, sa_flags=SA_RESTART|SA_SIGINFO
SIGHUP: [libjvm.so+0x91a060], sa_mask[0]=11111111011111111101111111111110, sa_flags=SA_RESTART|SA_SIGINFO
SIGINT: [libjvm.so+0x91a060], sa_mask[0]=11111111011111111101111111111110, sa_flags=SA_RESTART|SA_SIGINFO
SIGTERM: [libjvm.so+0x91a060], sa_mask[0]=11111111011111111101111111111110, sa_flags=SA_RESTART|SA_SIGINFO
SIGQUIT: [libjvm.so+0x91a060], sa_mask[0]=11111111011111111101111111111110, sa_flags=SA_RESTART|SA_SIGINFO


---------------  S Y S T E M  ---------------

OS:DISTRIB_ID=Ubuntu
DISTRIB_RELEASE=14.04
DISTRIB_CODENAME=trusty
DISTRIB_DESCRIPTION="Ubuntu 14.04.4 LTS"

uname:Linux 3.19.0-51-generic #57~14.04.1-Ubuntu SMP Fri Feb 19 14:36:55 UTC 2016 x86_64
libc:glibc 2.19 NPTL 2.19 
rlimit: STACK 8192k, CORE 0k, NPROC 23343, NOFILE 4096, AS infinity
load average:17.42 7.78 3.36

/proc/meminfo:
MemTotal:        5997216 kB
MemFree:           99888 kB
MemAvailable:      50948 kB
Buffers:             936 kB
Cached:           204028 kB
SwapCached:        34504 kB
Active:          4595572 kB
Inactive:        1018808 kB
Active(anon):    4581628 kB
Inactive(anon):  1004108 kB
Active(file):      13944 kB
Inactive(file):    14700 kB
Unevictable:          84 kB
Mlocked:              84 kB
SwapTotal:       6175740 kB
SwapFree:              4 kB
Dirty:              3032 kB
Writeback:           220 kB
AnonPages:       5376368 kB
Mapped:            27292 kB
Shmem:            175736 kB
Slab:              91860 kB
SReclaimable:      42412 kB
SUnreclaim:        49448 kB
KernelStack:       18304 kB
PageTables:       100932 kB
NFS_Unstable:          0 kB
Bounce:                0 kB
WritebackTmp:          0 kB
CommitLimit:     9174348 kB
Committed_AS:   24102916 kB
VmallocTotal:   34359738367 kB
VmallocUsed:      554812 kB
VmallocChunk:   34359083968 kB
HardwareCorrupted:     0 kB
AnonHugePages:   1052672 kB
CmaTotal:              0 kB
CmaFree:               0 kB
HugePages_Total:       0
HugePages_Free:        0
HugePages_Rsvd:        0
HugePages_Surp:        0
Hugepagesize:       2048 kB
DirectMap4k:      211712 kB
DirectMap2M:     5965824 kB
DirectMap1G:     1048576 kB


CPU:total 4 (2 cores per cpu, 2 threads per core) family 6 model 69 stepping 1, cmov, cx8, fxsr, mmx, sse, sse2, sse3, ssse3, sse4.1, sse4.2, popcnt, avx, avx2, aes, clmul, erms, lzcnt, ht, tsc, tscinvbit, bmi1, bmi2

/proc/cpuinfo:
processor	: 0
vendor_id	: GenuineIntel
cpu family	: 6
model		: 69
model name	: Intel(R) Core(TM) i5-4200U CPU @ 1.60GHz
stepping	: 1
microcode	: 0x17
cpu MHz		: 2300.000
cache size	: 3072 KB
physical id	: 0
siblings	: 4
core id		: 0
cpu cores	: 2
apicid		: 0
initial apicid	: 0
fpu		: yes
fpu_exception	: yes
cpuid level	: 13
wp		: yes
flags		: fpu vme de pse tsc msr pae mce cx8 apic sep mtrr pge mca cmov pat pse36 clflush dts acpi mmx fxsr sse sse2 ss ht tm pbe syscall nx pdpe1gb rdtscp lm constant_tsc arch_perfmon pebs bts rep_good nopl xtopology nonstop_tsc aperfmperf eagerfpu pni pclmulqdq dtes64 monitor ds_cpl vmx est tm2 ssse3 fma cx16 xtpr pdcm pcid sse4_1 sse4_2 movbe popcnt tsc_deadline_timer aes xsave avx f16c rdrand lahf_lm abm ida arat epb pln pts dtherm tpr_shadow vnmi flexpriority ept vpid fsgsbase tsc_adjust bmi1 avx2 smep bmi2 erms invpcid xsaveopt
bugs		:
bogomips	: 4588.90
clflush size	: 64
cache_alignment	: 64
address sizes	: 39 bits physical, 48 bits virtual
power management:

processor	: 1
vendor_id	: GenuineIntel
cpu family	: 6
model		: 69
model name	: Intel(R) Core(TM) i5-4200U CPU @ 1.60GHz
stepping	: 1
microcode	: 0x17
cpu MHz		: 2299.910
cache size	: 3072 KB
physical id	: 0
siblings	: 4
core id		: 0
cpu cores	: 2
apicid		: 1
initial apicid	: 1
fpu		: yes
fpu_exception	: yes
cpuid level	: 13
wp		: yes
flags		: fpu vme de pse tsc msr pae mce cx8 apic sep mtrr pge mca cmov pat pse36 clflush dts acpi mmx fxsr sse sse2 ss ht tm pbe syscall nx pdpe1gb rdtscp lm constant_tsc arch_perfmon pebs bts rep_good nopl xtopology nonstop_tsc aperfmperf eagerfpu pni pclmulqdq dtes64 monitor ds_cpl vmx est tm2 ssse3 fma cx16 xtpr pdcm pcid sse4_1 sse4_2 movbe popcnt tsc_deadline_timer aes xsave avx f16c rdrand lahf_lm abm ida arat epb pln pts dtherm tpr_shadow vnmi flexpriority ept vpid fsgsbase tsc_adjust bmi1 avx2 smep bmi2 erms invpcid xsaveopt
bugs		:
bogomips	: 4588.90
clflush size	: 64
cache_alignment	: 64
address sizes	: 39 bits physical, 48 bits virtual
power management:

processor	: 2
vendor_id	: GenuineIntel
cpu family	: 6
model		: 69
model name	: Intel(R) Core(TM) i5-4200U CPU @ 1.60GHz
stepping	: 1
microcode	: 0x17
cpu MHz		: 2300.000
cache size	: 3072 KB
physical id	: 0
siblings	: 4
core id		: 1
cpu cores	: 2
apicid		: 2
initial apicid	: 2
fpu		: yes
fpu_exception	: yes
cpuid level	: 13
wp		: yes
flags		: fpu vme de pse tsc msr pae mce cx8 apic sep mtrr pge mca cmov pat pse36 clflush dts acpi mmx fxsr sse sse2 ss ht tm pbe syscall nx pdpe1gb rdtscp lm constant_tsc arch_perfmon pebs bts rep_good nopl xtopology nonstop_tsc aperfmperf eagerfpu pni pclmulqdq dtes64 monitor ds_cpl vmx est tm2 ssse3 fma cx16 xtpr pdcm pcid sse4_1 sse4_2 movbe popcnt tsc_deadline_timer aes xsave avx f16c rdrand lahf_lm abm ida arat epb pln pts dtherm tpr_shadow vnmi flexpriority ept vpid fsgsbase tsc_adjust bmi1 avx2 smep bmi2 erms invpcid xsaveopt
bugs		:
bogomips	: 4588.90
clflush size	: 64
cache_alignment	: 64
address sizes	: 39 bits physical, 48 bits virtual
power management:

processor	: 3
vendor_id	: GenuineIntel
cpu family	: 6
model		: 69
model name	: Intel(R) Core(TM) i5-4200U CPU @ 1.60GHz
stepping	: 1
microcode	: 0x17
cpu MHz		: 2300.000
cache size	: 3072 KB
physical id	: 0
siblings	: 4
core id		: 1
cpu cores	: 2
apicid		: 3
initial apicid	: 3
fpu		: yes
fpu_exception	: yes
cpuid level	: 13
wp		: yes
flags		: fpu vme de pse tsc msr pae mce cx8 apic sep mtrr pge mca cmov pat pse36 clflush dts acpi mmx fxsr sse sse2 ss ht tm pbe syscall nx pdpe1gb rdtscp lm constant_tsc arch_perfmon pebs bts rep_good nopl xtopology nonstop_tsc aperfmperf eagerfpu pni pclmulqdq dtes64 monitor ds_cpl vmx est tm2 ssse3 fma cx16 xtpr pdcm pcid sse4_1 sse4_2 movbe popcnt tsc_deadline_timer aes xsave avx f16c rdrand lahf_lm abm ida arat epb pln pts dtherm tpr_shadow vnmi flexpriority ept vpid fsgsbase tsc_adjust bmi1 avx2 smep bmi2 erms invpcid xsaveopt
bugs		:
bogomips	: 4588.90
clflush size	: 64
cache_alignment	: 64
address sizes	: 39 bits physical, 48 bits virtual
power management:



Memory: 4k page, physical 5997216k(99888k free), swap 6175740k(0k free)

vm_info: Java HotSpot(TM) 64-Bit Server VM (25.65-b01) for linux-amd64 JRE (1.8.0_65-b17), built on Oct  6 2015 17:16:12 by "java_re" with gcc 4.3.0 20080428 (Red Hat 4.3.0-8)

time: Sat Mar 12 14:53:43 2016
elapsed time: 3 seconds (0d 0h 0m 3s)

